<?xml version="1.0" encoding="UTF-8"?>
<!-- Generated by org.testng.reporters.JUnitReportReporter -->
<testsuite hostname="DESKTOP-GB0I9V6" name="com.cn.comein.TestCase.Login" tests="2" failures="0" timestamp="23 Apr 2019 13:04:25 GMT" time="6.727" errors="0">
  <testcase name="testLogin" time="1.358" classname="com.cn.comein.TestCase.Login"/>
  <testcase name="loginHome" time="5.369" classname="com.cn.comein.TestCase.Login"/>
</testsuite> <!-- com.cn.comein.TestCase.Login -->
