<?xml version="1.0" encoding="UTF-8"?>
<!-- Generated by org.testng.reporters.JUnitReportReporter -->
<testsuite hostname="DESKTOP-GB0I9V6" name="com.cn.comein.TestCase.CourseTest" tests="1" failures="0" timestamp="14 Apr 2019 03:18:09 GMT" time="102.408" errors="0">
  <testcase name="CourseList" time="102.408" classname="com.cn.comein.TestCase.CourseTest"/>
</testsuite> <!-- com.cn.comein.TestCase.CourseTest -->
