<?xml version="1.0" encoding="UTF-8"?>
<!-- Generated by org.testng.reporters.JUnitReportReporter -->
<testsuite hostname="DESKTOP-GB0I9V6" name="com.cn.comein.TestCase.PurchaseCourseTest" tests="1" failures="0" timestamp="18 Apr 2019 01:15:48 GMT" time="21.430" errors="0">
  <testcase name="purchaseCourseAndOrder" time="21.430" classname="com.cn.comein.TestCase.PurchaseCourseTest"/>
</testsuite> <!-- com.cn.comein.TestCase.PurchaseCourseTest -->
