<?xml version="1.0" encoding="UTF-8"?>
<!-- Generated by org.testng.reporters.JUnitReportReporter -->
<testsuite hostname="DESKTOP-GB0I9V6" name="com.cn.comein.TestCase.BuyCourseTest" tests="1" failures="0" timestamp="16 Apr 2019 03:04:01 GMT" time="95.484" errors="0">
  <testcase name="BuyCourse" time="95.484" classname="com.cn.comein.TestCase.BuyCourseTest"/>
</testsuite> <!-- com.cn.comein.TestCase.BuyCourseTest -->
