<?xml version="1.0" encoding="UTF-8"?>
<!-- Generated by org.testng.reporters.JUnitReportReporter -->
<testsuite hostname="DESKTOP-GB0I9V6" name="com.comein.testCase.UserInfo" tests="1" failures="0" timestamp="30 Apr 2019 06:33:36 GMT" time="4.613" errors="0">
  <testcase name="test" time="4.613" classname="com.comein.testCase.UserInfo"/>
</testsuite> <!-- com.comein.testCase.UserInfo -->
