<?xml version="1.0" encoding="UTF-8"?>
<!-- Generated by org.testng.reporters.JUnitReportReporter -->
<testsuite hostname="DESKTOP-GB0I9V6" name="com.cn.comein.TestCase.Login" tests="2" failures="0" timestamp="24 Apr 2019 06:53:10 GMT" time="13.327" errors="0">
  <testcase name="testLogin" time="1.114" classname="com.cn.comein.TestCase.Login"/>
  <testcase name="loginHome" time="12.213" classname="com.cn.comein.TestCase.Login"/>
</testsuite> <!-- com.cn.comein.TestCase.Login -->
